{"uuid":"f0b0d0e4-a007-4346-b6c9-65ee3682a984","historyId":"2ef45713e59833e2944cb3f4419104a","testCaseId":"[engine:junit-platform-suite]/[suite:project.ada.RunCucumberTest]/[engine:cucumber]","testCaseName":"Cucumber","labels":[{"name":"junit.platform.uniqueid","value":"[engine:junit-platform-suite]/[suite:project.ada.RunCucumberTest]/[engine:cucumber]"},{"name":"host","value":"INOTE1005"},{"name":"thread","value":"13236@INOTE1005.main(1)"},{"name":"framework","value":"junit-platform"},{"name":"language","value":"java"},{"name":"AS_ID","value":"-1"}],"links":[],"name":"Cucumber","status":"broken","statusDetails":{"known":false,"muted":false,"flaky":false,"message":"Failed to transform configuration parameter with key 'cucumber.plugin' and initial value 'pretty, junit:target/cucumber-reports/Cucumber.xml, io.qameta.allure.cucumber4jvm.AllureCucumber4Jvm'","trace":"org.junit.platform.commons.JUnitException: Failed to transform configuration parameter with key 'cucumber.plugin' and initial value 'pretty, junit:target/cucumber-reports/Cucumber.xml, io.qameta.allure.cucumber4jvm.AllureCucumber4Jvm'\r\n\tat org.junit.platform.engine.ConfigurationParameters.lambda$get$0(ConfigurationParameters.java:129)\r\n\tat java.base/java.util.Optional.map(Optional.java:265)\r\n\tat org.junit.platform.engine.ConfigurationParameters.get(ConfigurationParameters.java:122)\r\n\tat io.cucumber.junit.platform.engine.CucumberEngineOptions.plugins(CucumberEngineOptions.java:56)\r\n\tat io.cucumber.junit.platform.engine.CucumberEngineOptions.plugins(CucumberEngineOptions.java:43)\r\n\tat io.cucumber.core.plugin.Plugins.createPlugins(Plugins.java:31)\r\n\tat io.cucumber.core.plugin.Plugins.<init>(Plugins.java:25)\r\n\tat io.cucumber.junit.platform.engine.CucumberEngineExecutionContext.createCucumberExecutionContext(CucumberEngineExecutionContext.java:53)\r\n\tat io.cucumber.junit.platform.engine.CucumberEngineExecutionContext.startTestRun(CucumberEngineExecutionContext.java:95)\r\n\tat io.cucumber.junit.platform.engine.CucumberEngineDescriptor.prepare(CucumberEngineDescriptor.java:34)\r\n\tat io.cucumber.junit.platform.engine.CucumberEngineDescriptor.prepare(CucumberEngineDescriptor.java:10)\r\n\tat org.junit.platform.engine.support.hierarchical.NodeTestTask.lambda$prepare$2(NodeTestTask.java:123)\r\n\tat org.junit.platform.engine.support.hierarchical.ThrowableCollector.execute(ThrowableCollector.java:73)\r\n\tat org.junit.platform.engine.support.hierarchical.NodeTestTask.prepare(NodeTestTask.java:123)\r\n\tat org.junit.platform.engine.support.hierarchical.NodeTestTask.execute(NodeTestTask.java:90)\r\n\tat org.junit.platform.engine.support.hierarchical.SameThreadHierarchicalTestExecutorService.submit(SameThreadHierarchicalTestExecutorService.java:35)\r\n\tat org.junit.platform.engine.support.hierarchical.HierarchicalTestExecutor.execute(HierarchicalTestExecutor.java:57)\r\n\tat org.junit.platform.engine.support.hierarchical.HierarchicalTestEngine.execute(HierarchicalTestEngine.java:54)\r\n\tat org.junit.platform.launcher.core.EngineExecutionOrchestrator.execute(EngineExecutionOrchestrator.java:147)\r\n\tat org.junit.platform.launcher.core.EngineExecutionOrchestrator.execute(EngineExecutionOrchestrator.java:127)\r\n\tat org.junit.platform.launcher.core.EngineExecutionOrchestrator.execute(EngineExecutionOrchestrator.java:90)\r\n\tat org.junit.platform.launcher.core.EngineExecutionOrchestrator.execute(EngineExecutionOrchestrator.java:73)\r\n\tat org.junit.platform.suite.engine.SuiteLauncher.execute(SuiteLauncher.java:63)\r\n\tat org.junit.platform.suite.engine.SuiteTestDescriptor.execute(SuiteTestDescriptor.java:128)\r\n\tat org.junit.platform.suite.engine.SuiteTestEngine.lambda$execute$0(SuiteTestEngine.java:73)\r\n\tat java.base/java.util.stream.ForEachOps$ForEachOp$OfRef.accept(ForEachOps.java:183)\r\n\tat java.base/java.util.stream.ReferencePipeline$3$1.accept(ReferencePipeline.java:195)\r\n\tat java.base/java.util.Iterator.forEachRemaining(Iterator.java:133)\r\n\tat java.base/java.util.Spliterators$IteratorSpliterator.forEachRemaining(Spliterators.java:1801)\r\n\tat java.base/java.util.stream.AbstractPipeline.copyInto(AbstractPipeline.java:484)\r\n\tat java.base/java.util.stream.AbstractPipeline.wrapAndCopyInto(AbstractPipeline.java:474)\r\n\tat java.base/java.util.stream.ForEachOps$ForEachOp.evaluateSequential(ForEachOps.java:150)\r\n\tat java.base/java.util.stream.ForEachOps$ForEachOp$OfRef.evaluateSequential(ForEachOps.java:173)\r\n\tat java.base/java.util.stream.AbstractPipeline.evaluate(AbstractPipeline.java:234)\r\n\tat java.base/java.util.stream.ReferencePipeline.forEach(ReferencePipeline.java:497)\r\n\tat org.junit.platform.suite.engine.SuiteTestEngine.execute(SuiteTestEngine.java:73)\r\n\tat org.junit.platform.launcher.core.EngineExecutionOrchestrator.execute(EngineExecutionOrchestrator.java:147)\r\n\tat org.junit.platform.launcher.core.EngineExecutionOrchestrator.execute(EngineExecutionOrchestrator.java:127)\r\n\tat org.junit.platform.launcher.core.EngineExecutionOrchestrator.execute(EngineExecutionOrchestrator.java:90)\r\n\tat org.junit.platform.launcher.core.EngineExecutionOrchestrator.lambda$execute$0(EngineExecutionOrchestrator.java:55)\r\n\tat org.junit.platform.launcher.core.EngineExecutionOrchestrator.withInterceptedStreams(EngineExecutionOrchestrator.java:102)\r\n\tat org.junit.platform.launcher.core.EngineExecutionOrchestrator.execute(EngineExecutionOrchestrator.java:54)\r\n\tat org.junit.platform.launcher.core.DefaultLauncher.execute(DefaultLauncher.java:114)\r\n\tat org.junit.platform.launcher.core.DefaultLauncher.execute(DefaultLauncher.java:86)\r\n\tat org.junit.platform.launcher.core.DefaultLauncherSession$DelegatingLauncher.execute(DefaultLauncherSession.java:86)\r\n\tat org.junit.platform.launcher.core.SessionPerRequestLauncher.execute(SessionPerRequestLauncher.java:53)\r\n\tat com.intellij.junit5.JUnit5IdeaTestRunner.startRunnerWithArgs(JUnit5IdeaTestRunner.java:71)\r\n\tat com.intellij.rt.junit.IdeaTestRunner$Repeater$1.execute(IdeaTestRunner.java:38)\r\n\tat com.intellij.rt.execution.junit.TestsRepeater.repeat(TestsRepeater.java:11)\r\n\tat com.intellij.rt.junit.IdeaTestRunner$Repeater.startRunnerWithArgs(IdeaTestRunner.java:35)\r\n\tat com.intellij.rt.junit.JUnitStarter.prepareStreamsAndStart(JUnitStarter.java:235)\r\n\tat com.intellij.rt.junit.JUnitStarter.main(JUnitStarter.java:54)\r\nCaused by: java.lang.IllegalArgumentException: The plugin specification 'io.qameta.allure.cucumber4jvm.AllureCucumber4Jvm' has a problem:\n\nThis plugin is not compatible with this version of Cucumber.\n\nPlugin specifications should have the format of PLUGIN[:[PATH|[URI [OPTIONS]]]\n\nValid values for PLUGIN are: html, json, junit, message, pretty, progress, rerun, summary, teamcity, testng, timeline, unused, usage\n\nPLUGIN can also be a fully qualified class name, allowing registration of 3rd party plugins. The 3rd party plugin must implement io.cucumber.plugin.Plugin\r\n\tat io.cucumber.core.options.PluginOption.createPluginIsNotCompatible(PluginOption.java:150)\r\n\tat io.cucumber.core.options.PluginOption.parsePluginName(PluginOption.java:125)\r\n\tat io.cucumber.core.options.PluginOption.parse(PluginOption.java:100)\r\n\tat java.base/java.util.stream.ReferencePipeline$3$1.accept(ReferencePipeline.java:195)\r\n\tat java.base/java.util.stream.ReferencePipeline$3$1.accept(ReferencePipeline.java:195)\r\n\tat java.base/java.util.Spliterators$ArraySpliterator.forEachRemaining(Spliterators.java:948)\r\n\tat java.base/java.util.stream.AbstractPipeline.copyInto(AbstractPipeline.java:484)\r\n\tat java.base/java.util.stream.AbstractPipeline.wrapAndCopyInto(AbstractPipeline.java:474)\r\n\tat java.base/java.util.stream.ReduceOps$ReduceOp.evaluateSequential(ReduceOps.java:913)\r\n\tat java.base/java.util.stream.AbstractPipeline.evaluate(AbstractPipeline.java:234)\r\n\tat java.base/java.util.stream.ReferencePipeline.collect(ReferencePipeline.java:578)\r\n\tat io.cucumber.junit.platform.engine.CucumberEngineOptions.lambda$plugins$1(CucumberEngineOptions.java:60)\r\n\tat org.junit.platform.engine.ConfigurationParameters.lambda$get$0(ConfigurationParameters.java:124)\r\n\t... 51 more\r\n"},"stage":"finished","description":"","steps":[],"attachments":[],"parameters":[],"start":1681941037686,"stop":1681941037688}